2026-01-03 20:59:58,250 - INFO - Database ready: C:\Users\UNC\Desktop\ptl\backend\scripts\..\data\legal_db.sqlite
2026-01-03 20:59:58,266 - INFO - 
Starting browser...
2026-01-03 20:59:58,266 - INFO - ====== WebDriver manager ======
2026-01-03 21:00:02,325 - INFO - Get LATEST chromedriver version for google-chrome
2026-01-03 21:00:02,815 - INFO - Get LATEST chromedriver version for google-chrome
2026-01-03 21:00:03,083 - INFO - Driver [C:\Users\UNC\.wdm\drivers\chromedriver\win64\143.0.7499.169\chromedriver-win32/chromedriver.exe] found in cache
2026-01-03 21:00:06,798 - INFO - 
  Scraping: LHC Reported Judgments (Sitting Judges)
2026-01-03 21:00:06,802 - INFO -   URL: https://data.lhc.gov.pk/reported_judgments/judgments_approved_for_reporting
2026-01-03 21:00:14,213 - INFO -   Found 53 potential judgment links
2026-01-03 21:00:14,213 - INFO -     [1] Downloads...
2026-01-03 21:00:15,687 - INFO -       Added!
2026-01-03 21:00:16,690 - INFO -     [2] Reported Judgments...
2026-01-03 21:00:17,130 - INFO -       Added!
2026-01-03 21:00:18,139 - INFO -     [4] Civil Revision-Civil Revision (against Decree)-Dec...
2026-01-03 21:00:24,914 - ERROR -       Error: RetryError[<Future at 0x23424e63510 state=finished raised SSLError>]
2026-01-03 21:00:24,915 - INFO -     [5] Regular First Appeal-Regular First Appeal (R.F.A.)...
2026-01-03 21:00:32,891 - ERROR -       Error: RetryError[<Future at 0x23424e6f550 state=finished raised SSLError>]
2026-01-03 21:00:32,891 - INFO -     [6] Civil Revision-Civil Revision (Against Interim Ord...
2026-01-03 21:00:41,446 - ERROR -       Error: RetryError[<Future at 0x23424e6f7d0 state=finished raised SSLError>]
2026-01-03 21:00:41,447 - INFO -     [7] Tax Reference - (PRA) 16460/23 (FINCA Microfinance...
2026-01-03 21:00:49,593 - ERROR -       Error: RetryError[<Future at 0x23424cf65d0 state=finished raised SSLError>]
2026-01-03 21:00:49,593 - INFO -     [8] ITR (Income Tax Reference) 56010/24 (Ms Naubahar B...
2026-01-03 21:00:55,671 - ERROR -       Error: RetryError[<Future at 0x234251c1d10 state=finished raised SSLError>]
2026-01-03 21:00:55,671 - INFO -     [9] Civil Revision-Civil Revision (Against Interim Ord...
2026-01-03 21:01:01,221 - ERROR -       Error: RetryError[<Future at 0x234251c2390 state=finished raised SSLError>]
2026-01-03 21:01:01,222 - INFO -     [10] Jail Appeal 6763/25 (Ayaz Adil Vs The State) byMr....
2026-01-03 21:01:07,122 - ERROR -       Error: RetryError[<Future at 0x23424e6c390 state=finished raised SSLError>]
2026-01-03 21:01:07,122 - INFO -     [11] Crl. Misc. 68529/25 (Awon Muhammad Vs The State et...
2026-01-03 21:01:11,437 - ERROR -       Error: RetryError[<Future at 0x23424e6da10 state=finished raised SSLError>]
2026-01-03 21:01:11,437 - INFO -     [12] C.O. (Commercial) 6859/25 (Waqar ud Din Vs United ...
2026-01-03 21:01:17,016 - ERROR -       Error: RetryError[<Future at 0x23424e6fb10 state=finished raised SSLError>]
2026-01-03 21:01:17,016 - INFO -     [13] Civil Revision 1591622.3000-13 (MUHAMMAD ASHIQ VS ...
2026-01-03 21:01:22,734 - ERROR -       Error: RetryError[<Future at 0x234251ce310 state=finished raised SSLError>]
2026-01-03 21:01:22,734 - INFO -     [14] Civil Revision 2363935.782-16 (MUHAMMAD HANIF VS A...
2026-01-03 21:01:27,721 - ERROR -       Error: RetryError[<Future at 0x234251dc710 state=finished raised SSLError>]
2026-01-03 21:01:27,721 - INFO -     [15] Civil Revision 1196/23 (Muhammad Riaz Vs Mst Najma...
2026-01-03 21:01:32,778 - ERROR -       Error: RetryError[<Future at 0x23424e6e610 state=finished raised SSLError>]
2026-01-03 21:01:32,778 - INFO -     [16] Writ Petition-Criminal Proceedings-Quashing of F.I...
2026-01-03 21:01:38,604 - ERROR -       Error: RetryError[<Future at 0x234251cf4d0 state=finished raised SSLError>]
2026-01-03 21:01:38,606 - INFO -     [17] Writ Petition-Immigration-Passport 13357-25 (FARHA...
2026-01-03 21:01:43,226 - ERROR -       Error: RetryError[<Future at 0x234251cf690 state=finished raised SSLError>]
2026-01-03 21:01:43,278 - INFO -     [18] Writ Petition-Service-Miscellaneous 20161-23 (Abdu...
2026-01-03 21:01:47,694 - ERROR -       Error: RetryError[<Future at 0x23424e6f710 state=finished raised SSLError>]
2026-01-03 21:01:47,695 - INFO -     [19] Writ Petition-Civil Proceedings-Civil Suit 3950-21...
2026-01-03 21:01:52,469 - ERROR -       Error: RetryError[<Future at 0x234251de010 state=finished raised SSLError>]
2026-01-03 21:01:52,484 - INFO -     [20] Jail Appeal 43161/23 (Ashfaq alias Saleem Vs The S...
2026-01-03 21:01:57,129 - ERROR -       Error: RetryError[<Future at 0x234251eba10 state=finished raised SSLError>]
2026-01-03 21:01:57,130 - INFO -     [21] Transport 48034/25 (Khawaja Muhammad Asif & 7 Othe...
2026-01-03 21:02:02,118 - ERROR -       Error: RetryError[<Future at 0x234252008d0 state=finished raised SSLError>]
2026-01-03 21:02:02,119 - INFO -     [22] Misc. Writ 25636/25 (Umar Shahzad Vs Ombudsperson ...
2026-01-03 21:02:07,697 - ERROR -       Error: RetryError[<Future at 0x234251f8e50 state=finished raised SSLError>]
2026-01-03 21:02:07,698 - INFO -     [23] Writ Petition-Local Government-Miscellaneous 12418...
2026-01-03 21:02:14,698 - ERROR -       Error: RetryError[<Future at 0x234251eaad0 state=finished raised SSLError>]
2026-01-03 21:02:14,699 - INFO -     [24] Writ Petition-Miscellaneous-Rent 520-25 (TANVEER A...
2026-01-03 21:02:19,453 - ERROR -       Error: RetryError[<Future at 0x23425209bd0 state=finished raised SSLError>]
2026-01-03 21:02:19,453 - INFO -     [25] Crl. Revision 8188/21 (Dr Faheem Ikram Butt Vs The...
2026-01-03 21:02:19,754 - WARNING - Retrying (Retry(total=2, connect=None, read=None, redirect=None, status=None)) after connection broken by 'ConnectionResetError(10054, 'An existing connection was forcibly closed by the remote host', None, 10054, None)': /session/509bd2a2db2d6c73594d29894f70aab7
2026-01-03 21:02:23,828 - WARNING - Retrying (Retry(total=1, connect=None, read=None, redirect=None, status=None)) after connection broken by 'NewConnectionError("HTTPConnection(host='localhost', port=52587): Failed to establish a new connection: [WinError 10061] No connection could be made because the target machine actively refused it")': /session/509bd2a2db2d6c73594d29894f70aab7
